Start writing loggamma,   0.75
alpha,   0.50
epsilon, 2.50
badInstantReward, -0.50
badTerminalReward, -0.50
goodInstantReward, 2.00
goodTerminalReward, 2.00

If initialized: false
Initialize NN
NN initialized
Round: 0 - 100  win percentage, 20.0
Round: 100 - 200  win percentage, 24.0
Round: 200 - 300  win percentage, 20.0
Round: 300 - 400  win percentage, 21.0
Round: 400 - 500  win percentage, 21.0
Round: 500 - 600  win percentage, 21.0
Round: 600 - 700  win percentage, 27.0
Round: 700 - 800  win percentage, 24.0
Round: 800 - 900  win percentage, 23.0
Round: 900 - 1000  win percentage, 18.0
Round: 1000 - 1100  win percentage, 17.0
Round: 1100 - 1200  win percentage, 16.0
Round: 1200 - 1300  win percentage, 25.0
Round: 1300 - 1400  win percentage, 19.0
Round: 1400 - 1500  win percentage, 16.0
Round: 1500 - 1600  win percentage, 23.0
Round: 1600 - 1700  win percentage, 24.0
Round: 1700 - 1800  win percentage, 16.0
Round: 1800 - 1900  win percentage, 27.0
Round: 1900 - 2000  win percentage, 25.0
Round: 2000 - 2100  win percentage, 20.0
Round: 2100 - 2200  win percentage, 29.0
Round: 2200 - 2300  win percentage, 28.0
Round: 2300 - 2400  win percentage, 23.0
Round: 2400 - 2500  win percentage, 29.0
Round: 2500 - 2600  win percentage, 21.0
Round: 2600 - 2700  win percentage, 21.0
Round: 2700 - 2800  win percentage, 30.0
Round: 2800 - 2900  win percentage, 28.0
Round: 2900 - 3000  win percentage, 23.0
Round: 3000 - 3100  win percentage, 26.0
Round: 3100 - 3200  win percentage, 19.0
Round: 3200 - 3300  win percentage, 28.0
Round: 3300 - 3400  win percentage, 19.0
Round: 3400 - 3500  win percentage, 25.0
Round: 3500 - 3600  win percentage, 20.0
Round: 3600 - 3700  win percentage, 19.0
Round: 3700 - 3800  win percentage, 21.0
Round: 3800 - 3900  win percentage, 23.0
Round: 3900 - 4000  win percentage, 23.0
Round: 4000 - 4100  win percentage, 25.0
Round: 4100 - 4200  win percentage, 19.0
Round: 4200 - 4300  win percentage, 24.0
Round: 4300 - 4400  win percentage, 24.0
Round: 4400 - 4500  win percentage, 28.0
Round: 4500 - 4600  win percentage, 25.0
Round: 4600 - 4700  win percentage, 28.0
Round: 4700 - 4800  win percentage, 15.0
Round: 4800 - 4900  win percentage, 24.0
Round: 4900 - 5000  win percentage, 17.0
Round: 5000 - 5100  win percentage, 22.0
Round: 5100 - 5200  win percentage, 20.0
Round: 5200 - 5300  win percentage, 25.0
Round: 5300 - 5400  win percentage, 25.0
Round: 5400 - 5500  win percentage, 25.0
Round: 5500 - 5600  win percentage, 14.0
Round: 5600 - 5700  win percentage, 27.0
Round: 5700 - 5800  win percentage, 23.0
Round: 5800 - 5900  win percentage, 16.0
Round: 5900 - 6000  win percentage, 24.0
Round: 6000 - 6100  win percentage, 25.0
Round: 6100 - 6200  win percentage, 22.0
Round: 6200 - 6300  win percentage, 19.0
Round: 6300 - 6400  win percentage, 23.0
Round: 6400 - 6500  win percentage, 22.0
Round: 6500 - 6600  win percentage, 22.0
Round: 6600 - 6700  win percentage, 21.0
Round: 6700 - 6800  win percentage, 20.0
Round: 6800 - 6900  win percentage, 14.0
Round: 6900 - 7000  win percentage, 17.0
Round: 7000 - 7100  win percentage, 23.0
Round: 7100 - 7200  win percentage, 18.0
Round: 7200 - 7300  win percentage, 21.0
Round: 7300 - 7400  win percentage, 23.0
Round: 7400 - 7500  win percentage, 16.0
Round: 7500 - 7600  win percentage, 26.0
Round: 7600 - 7700  win percentage, 21.0
Round: 7700 - 7800  win percentage, 23.0
Round: 7800 - 7900  win percentage, 18.0
Round: 7900 - 8000  win percentage, 25.0
Round: 8000 - 8100  win percentage, 18.0
Round: 8100 - 8200  win percentage, 16.0
Round: 8200 - 8300  win percentage, 20.0
Round: 8300 - 8400  win percentage, 21.0
Round: 8400 - 8500  win percentage, 23.0
Round: 8500 - 8600  win percentage, 29.0
Round: 8600 - 8700  win percentage, 27.0
Round: 8700 - 8800  win percentage, 26.0
Round: 8800 - 8900  win percentage, 20.0
Round: 8900 - 9000  win percentage, 21.0
Round: 9000 - 9100  win percentage, 25.0
Round: 9100 - 9200  win percentage, 27.0
Round: 9200 - 9300  win percentage, 23.0
Round: 9300 - 9400  win percentage, 23.0
Round: 9400 - 9500  win percentage, 24.0
Round: 9500 - 9600  win percentage, 22.0
Round: 9600 - 9700  win percentage, 21.0
Round: 9700 - 9800  win percentage, 27.0
Round: 9800 - 9900  win percentage, 21.0
Round: 9900 - 10000  win percentage, 33.0
Round: 10000 - 10100  win percentage, 0.0
Round: 10100 - 10200  win percentage, 0.0
Round: 10200 - 10300  win percentage, 0.0
Round: 10300 - 10400  win percentage, 0.0
Round: 10400 - 10500  win percentage, 0.0
Round: 10500 - 10600  win percentage, 0.0
Round: 10600 - 10700  win percentage, 0.0
Round: 10700 - 10800  win percentage, 1.0
Round: 10800 - 10900  win percentage, 0.0
Round: 10900 - 11000  win percentage, 0.0
Round: 11000 - 11100  win percentage, 0.0
Round: 11100 - 11200  win percentage, 0.0
Round: 11200 - 11300  win percentage, 1.0
Round: 11300 - 11400  win percentage, 0.0
Round: 11400 - 11500  win percentage, 0.0
Round: 11500 - 11600  win percentage, 0.0
Round: 11600 - 11700  win percentage, 0.0
Round: 11700 - 11800  win percentage, 0.0
Round: 11800 - 11900  win percentage, 0.0
Round: 11900 - 12000  win percentage, 0.0
Round: 12000 - 12100  win percentage, 0.0
Round: 12100 - 12200  win percentage, 0.0
Round: 12200 - 12300  win percentage, 0.0
Round: 12300 - 12400  win percentage, 0.0
Round: 12400 - 12500  win percentage, 0.0
Round: 12500 - 12600  win percentage, 0.0
Round: 12600 - 12700  win percentage, 0.0
Round: 12700 - 12800  win percentage, 0.0
Round: 12800 - 12900  win percentage, 0.0
Round: 12900 - 13000  win percentage, 0.0
Round: 13000 - 13100  win percentage, 0.0
Round: 13100 - 13200  win percentage, 0.0
Round: 13200 - 13300  win percentage, 0.0
Round: 13300 - 13400  win percentage, 0.0
Round: 13400 - 13500  win percentage, 0.0
Round: 13500 - 13600  win percentage, 0.0
Round: 13600 - 13700  win percentage, 0.0
Round: 13700 - 13800  win percentage, 0.0
Round: 13800 - 13900  win percentage, 0.0
Round: 13900 - 14000  win percentage, 0.0
Round: 14000 - 14100  win percentage, 0.0
Round: 14100 - 14200  win percentage, 0.0
Round: 14200 - 14300  win percentage, 0.0
Round: 14300 - 14400  win percentage, 0.0
Round: 14400 - 14500  win percentage, 0.0
Round: 14500 - 14600  win percentage, 0.0
Round: 14600 - 14700  win percentage, 0.0
Round: 14700 - 14800  win percentage, 0.0
Round: 14800 - 14900  win percentage, 0.0
Round: 14900 - 15000  win percentage, 0.0
Round: 15000 - 15100  win percentage, 0.0
Round: 15100 - 15200  win percentage, 0.0
Round: 15200 - 15300  win percentage, 0.0
Round: 15300 - 15400  win percentage, 0.0
Round: 15400 - 15500  win percentage, 0.0
Round: 15500 - 15600  win percentage, 1.0
Round: 15600 - 15700  win percentage, 0.0
Round: 15700 - 15800  win percentage, 0.0
Round: 15800 - 15900  win percentage, 0.0
Round: 15900 - 16000  win percentage, 0.0
Round: 16000 - 16100  win percentage, 0.0
Round: 16100 - 16200  win percentage, 0.0
Round: 16200 - 16300  win percentage, 0.0
Round: 16300 - 16400  win percentage, 0.0
Round: 16400 - 16500  win percentage, 0.0
Round: 16500 - 16600  win percentage, 0.0
Round: 16600 - 16700  win percentage, 0.0
Round: 16700 - 16800  win percentage, 0.0
Round: 16800 - 16900  win percentage, 0.0
Round: 16900 - 17000  win percentage, 0.0
Round: 17000 - 17100  win percentage, 0.0
Round: 17100 - 17200  win percentage, 0.0
Round: 17200 - 17300  win percentage, 0.0
Round: 17300 - 17400  win percentage, 0.0
Round: 17400 - 17500  win percentage, 0.0
Round: 17500 - 17600  win percentage, 0.0
Round: 17600 - 17700  win percentage, 0.0
Round: 17700 - 17800  win percentage, 0.0
Round: 17800 - 17900  win percentage, 0.0
Round: 17900 - 18000  win percentage, 0.0
Round: 18000 - 18100  win percentage, 0.0
Round: 18100 - 18200  win percentage, 0.0
Round: 18200 - 18300  win percentage, 0.0
Round: 18300 - 18400  win percentage, 0.0
Round: 18400 - 18500  win percentage, 0.0
Round: 18500 - 18600  win percentage, 1.0
Round: 18600 - 18700  win percentage, 0.0
Round: 18700 - 18800  win percentage, 0.0
Round: 18800 - 18900  win percentage, 0.0
Round: 18900 - 19000  win percentage, 0.0
Round: 19000 - 19100  win percentage, 0.0
Round: 19100 - 19200  win percentage, 1.0
Round: 19200 - 19300  win percentage, 0.0
Round: 19300 - 19400  win percentage, 0.0
Round: 19400 - 19500  win percentage, 0.0
Round: 19500 - 19600  win percentage, 0.0
Round: 19600 - 19700  win percentage, 0.0
Round: 19700 - 19800  win percentage, 0.0
