31.50
28.50
31.50
26.00
26.50
27.50
30.00
30.50
20.50
24.00
28.50
21.50
38.00
33.00
26.50
32.50
26.50
21.00
27.00
22.50
35.00
38.00
35.00
28.50
26.50
21.00
31.00
24.00
30.50
26.50
29.00
28.50
24.00
33.00
24.00
33.00
30.00
22.50
20.50
22.50
23.00
29.00
28.50
24.00
36.00
30.50
23.00
38.00
27.00
31.00
17.00
31.00
21.50
34.00
29.00
28.00
33.00
28.00
31.00
38.00
27.00
35.00
29.00
20.50
10.00
16.00
32.00
28.00
35.00
25.00
20.50
20.50
24.00
39.00
31.00
43.00
39.00
38.00
31.00
38.00
27.00
25.00
34.00
42.00
36.00
35.00
30.00
34.00
32.00
33.00
31.00
51.00
40.00
37.00
37.00
39.00
32.00
28.00
40.00
47.00
38.00
48.00
30.00
40.00
40.00
41.00
53.00
32.00
50.00
40.00
52.00
49.00
46.00
35.00
35.00
52.00
49.00
46.00
48.00
45.00
44.00
33.00
44.00
37.00
38.00
46.00
66.60
82.80
88.20
73.20
86.40
60.00
61.20
63.60
68.40
79.20
78.00
64.80
79.20
82.80
75.60
75.60
73.80
66.60
68.40
66.60
61.20
63.60
82.80
82.80
62.40
73.20
64.80
68.40
63.60
86.40
67.20
69.60
76.80
73.20
78.00
62.40
67.20
63.60
80.40
69.60
76.80
82.80
70.80
54.00
75.60
80.40
60.00
81.60
78.00
73.20
70.80
76.80
86.40
61.20
70.80
75.60
73.20
72.00
64.80
66.00
64.80
48.60
61.20
59.40
64.80
46.80
46.80
61.20
50.40
66.60
84.60
55.80
