Start writing log
gamma,   0.90
alpha,   0.90
epsilon, 0.35
badInstantReward, -0.25
badTerminalReward, -0.50
goodInstantReward, 1.00
goodTerminalReward, 2.00

0 - 100  win rate, 44.0
100 - 200  win rate, 35.0
200 - 300  win rate, 48.0
300 - 400  win rate, 44.0
400 - 500  win rate, 38.0
500 - 600  win rate, 49.0
600 - 700  win rate, 58.0
700 - 800  win rate, 48.0
800 - 900  win rate, 40.0
900 - 1000  win rate, 35.0
1000 - 1100  win rate, 36.0
1100 - 1200  win rate, 34.0
1200 - 1300  win rate, 48.0
1300 - 1400  win rate, 47.0
1400 - 1500  win rate, 40.0
1500 - 1600  win rate, 51.0
1600 - 1700  win rate, 41.0
1700 - 1800  win rate, 36.0
1800 - 1900  win rate, 41.0
1900 - 2000  win rate, 33.0
2000 - 2100  win rate, 53.0
2100 - 2200  win rate, 52.0
2200 - 2300  win rate, 47.0
2300 - 2400  win rate, 48.0
2400 - 2500  win rate, 54.0
2500 - 2600  win rate, 49.0
2600 - 2700  win rate, 39.0
2700 - 2800  win rate, 52.0
2800 - 2900  win rate, 47.0
2900 - 3000  win rate, 44.0
3000 - 3100  win rate, 54.0
3100 - 3200  win rate, 44.0
3200 - 3300  win rate, 47.0
3300 - 3400  win rate, 56.0
3400 - 3500  win rate, 52.0
3500 - 3600  win rate, 57.0
3600 - 3700  win rate, 58.0
3700 - 3800  win rate, 57.0
3800 - 3900  win rate, 39.0
3900 - 4000  win rate, 48.0
4000 - 4100  win rate, 44.0
4100 - 4200  win rate, 44.0
4200 - 4300  win rate, 63.0
4300 - 4400  win rate, 56.0
4400 - 4500  win rate, 57.0
4500 - 4600  win rate, 47.0
4600 - 4700  win rate, 52.0
4700 - 4800  win rate, 46.0
4800 - 4900  win rate, 46.0
4900 - 5000  win rate, 48.0
5000 - 5100  win rate, 26.0
5100 - 5200  win rate, 18.0
5200 - 5300  win rate, 18.0
5300 - 5400  win rate, 21.0
5400 - 5500  win rate, 21.0
5500 - 5600  win rate, 19.0
5600 - 5700  win rate, 22.0
5700 - 5800  win rate, 17.0
5800 - 5900  win rate, 16.0
5900 - 6000  win rate, 17.0
6000 - 6100  win rate, 13.0
6100 - 6200  win rate, 19.0
6200 - 6300  win rate, 15.0
6300 - 6400  win rate, 23.0
6400 - 6500  win rate, 23.0
6500 - 6600  win rate, 38.0
6600 - 6700  win rate, 54.0
6700 - 6800  win rate, 55.0
6800 - 6900  win rate, 43.0
6900 - 7000  win rate, 46.0
7000 - 7100  win rate, 55.0
7100 - 7200  win rate, 62.0
7200 - 7300  win rate, 46.0
7300 - 7400  win rate, 62.0
7400 - 7500  win rate, 51.0
7500 - 7600  win rate, 48.0
7600 - 7700  win rate, 63.0
7700 - 7800  win rate, 35.0
7800 - 7900  win rate, 50.0
7900 - 8000  win rate, 31.0
8000 - 8100  win rate, 33.0
8100 - 8200  win rate, 29.0
8200 - 8300  win rate, 16.0
8300 - 8400  win rate, 25.0
8400 - 8500  win rate, 18.0
8500 - 8600  win rate, 35.0
8600 - 8700  win rate, 29.0
8700 - 8800  win rate, 31.0
8800 - 8900  win rate, 45.0
8900 - 9000  win rate, 29.0
9000 - 9100  win rate, 25.0
9100 - 9200  win rate, 21.0
9200 - 9300  win rate, 12.0
9300 - 9400  win rate, 20.0
9400 - 9500  win rate, 21.0
9500 - 9600  win rate, 27.0
9600 - 9700  win rate, 23.0
9700 - 9800  win rate, 45.0
9800 - 9900  win rate, 65.0
9900 - 10000  win rate, 65.0
10000 - 10100  win rate, 52.0
10100 - 10200  win rate, 40.0
10200 - 10300  win rate, 50.0
10300 - 10400  win rate, 40.0
10400 - 10500  win rate, 57.0
10500 - 10600  win rate, 45.0
10600 - 10700  win rate, 66.0
10700 - 10800  win rate, 64.0
10800 - 10900  win rate, 61.0
10900 - 11000  win rate, 61.0
11000 - 11100  win rate, 59.0
11100 - 11200  win rate, 57.0
11200 - 11300  win rate, 50.0
11300 - 11400  win rate, 50.0
11400 - 11500  win rate, 38.0
11500 - 11600  win rate, 38.0
11600 - 11700  win rate, 36.0
11700 - 11800  win rate, 69.0
11800 - 11900  win rate, 65.0
11900 - 12000  win rate, 71.0
12000 - 12100  win rate, 81.0
12100 - 12200  win rate, 81.0
12200 - 12300  win rate, 79.0
12300 - 12400  win rate, 85.0
12400 - 12500  win rate, 80.0
12500 - 12600  win rate, 77.0
12600 - 12700  win rate, 45.0
12700 - 12800  win rate, 42.0
12800 - 12900  win rate, 41.0
12900 - 13000  win rate, 39.0
13000 - 13100  win rate, 68.0
13100 - 13200  win rate, 70.0
13200 - 13300  win rate, 73.0
13300 - 13400  win rate, 88.0
13400 - 13500  win rate, 92.0
13500 - 13600  win rate, 87.0
13600 - 13700  win rate, 71.0
13700 - 13800  win rate, 77.0
13800 - 13900  win rate, 64.0
13900 - 14000  win rate, 59.0
14000 - 14100  win rate, 46.0
14100 - 14200  win rate, 52.0
14200 - 14300  win rate, 68.0
14300 - 14400  win rate, 61.0
14400 - 14500  win rate, 71.0
14500 - 14600  win rate, 60.0
14600 - 14700  win rate, 55.0
14700 - 14800  win rate, 61.0
14800 - 14900  win rate, 49.0
14900 - 15000  win rate, 24.0
15000 - 15100  win rate, 20.0
15100 - 15200  win rate, 26.0
15200 - 15300  win rate, 29.0
15300 - 15400  win rate, 20.0
15400 - 15500  win rate, 31.0
15500 - 15600  win rate, 40.0
15600 - 15700  win rate, 51.0
15700 - 15800  win rate, 69.0
15800 - 15900  win rate, 58.0
15900 - 16000  win rate, 32.0
16000 - 16100  win rate, 68.0
16100 - 16200  win rate, 67.0
16200 - 16300  win rate, 62.0
16300 - 16400  win rate, 57.0
16400 - 16500  win rate, 63.0
16500 - 16600  win rate, 78.0
16600 - 16700  win rate, 60.0
16700 - 16800  win rate, 49.0
16800 - 16900  win rate, 39.0
16900 - 17000  win rate, 61.0
17000 - 17100  win rate, 48.0
17100 - 17200  win rate, 68.0
17200 - 17300  win rate, 78.0
17300 - 17400  win rate, 61.0
17400 - 17500  win rate, 44.0
17500 - 17600  win rate, 27.0
17600 - 17700  win rate, 33.0
17700 - 17800  win rate, 50.0
17800 - 17900  win rate, 35.0
17900 - 18000  win rate, 44.0
18000 - 18100  win rate, 24.0
18100 - 18200  win rate, 27.0
18200 - 18300  win rate, 53.0
18300 - 18400  win rate, 50.0
18400 - 18500  win rate, 39.0
18500 - 18600  win rate, 43.0
18600 - 18700  win rate, 34.0
18700 - 18800  win rate, 33.0
18800 - 18900  win rate, 24.0
18900 - 19000  win rate, 30.0
19000 - 19100  win rate, 33.0
19100 - 19200  win rate, 35.0
19200 - 19300  win rate, 29.0
19300 - 19400  win rate, 52.0
19400 - 19500  win rate, 45.0
19500 - 19600  win rate, 72.0
19600 - 19700  win rate, 62.0
19700 - 19800  win rate, 62.0
19800 - 19900  win rate, 72.0
19900 - 20000  win rate, 78.0
20000 - 20100  win rate, 70.0
20100 - 20200  win rate, 82.0
20200 - 20300  win rate, 79.0
20300 - 20400  win rate, 76.0
20400 - 20500  win rate, 78.0
20500 - 20600  win rate, 71.0
20600 - 20700  win rate, 73.0
20700 - 20800  win rate, 76.0
20800 - 20900  win rate, 81.0
20900 - 21000  win rate, 79.0
21000 - 21100  win rate, 47.0
21100 - 21200  win rate, 55.0
21200 - 21300  win rate, 67.0
21300 - 21400  win rate, 72.0
21400 - 21500  win rate, 71.0
21500 - 21600  win rate, 72.0
21600 - 21700  win rate, 55.0
21700 - 21800  win rate, 68.0
21800 - 21900  win rate, 67.0
21900 - 22000  win rate, 61.0
22000 - 22100  win rate, 38.0
22100 - 22200  win rate, 21.0
22200 - 22300  win rate, 18.0
22300 - 22400  win rate, 15.0
22400 - 22500  win rate, 49.0
22500 - 22600  win rate, 65.0
22600 - 22700  win rate, 63.0
22700 - 22800  win rate, 63.0
22800 - 22900  win rate, 51.0
22900 - 23000  win rate, 80.0
23000 - 23100  win rate, 78.0
23100 - 23200  win rate, 57.0
23200 - 23300  win rate, 45.0
23300 - 23400  win rate, 70.0
23400 - 23500  win rate, 62.0
23500 - 23600  win rate, 58.0
23600 - 23700  win rate, 71.0
23700 - 23800  win rate, 68.0
23800 - 23900  win rate, 75.0
23900 - 24000  win rate, 68.0
24000 - 24100  win rate, 76.0
24100 - 24200  win rate, 77.0
24200 - 24300  win rate, 81.0
24300 - 24400  win rate, 70.0
24400 - 24500  win rate, 78.0
24500 - 24600  win rate, 75.0
24600 - 24700  win rate, 63.0
24700 - 24800  win rate, 46.0
24800 - 24900  win rate, 34.0
24900 - 25000  win rate, 24.0
25000 - 25100  win rate, 26.0
25100 - 25200  win rate, 12.0
25200 - 25300  win rate, 10.0
25300 - 25400  win rate, 22.0
25400 - 25500  win rate, 8.0
25500 - 25600  win rate, 45.0
25600 - 25700  win rate, 42.0
25700 - 25800  win rate, 51.0
25800 - 25900  win rate, 61.0
25900 - 26000  win rate, 64.0
26000 - 26100  win rate, 70.0
26100 - 26200  win rate, 44.0
26200 - 26300  win rate, 66.0
26300 - 26400  win rate, 70.0
26400 - 26500  win rate, 67.0
26500 - 26600  win rate, 77.0
26600 - 26700  win rate, 70.0
26700 - 26800  win rate, 61.0
26800 - 26900  win rate, 56.0
26900 - 27000  win rate, 37.0
27000 - 27100  win rate, 68.0
27100 - 27200  win rate, 91.0
27200 - 27300  win rate, 88.0
27300 - 27400  win rate, 88.0
27400 - 27500  win rate, 93.0
27500 - 27600  win rate, 93.0
27600 - 27700  win rate, 91.0
27700 - 27800  win rate, 96.0
27800 - 27900  win rate, 85.0
27900 - 28000  win rate, 90.0
28000 - 28100  win rate, 44.0
28100 - 28200  win rate, 55.0
28200 - 28300  win rate, 46.0
28300 - 28400  win rate, 84.0
28400 - 28500  win rate, 88.0
28500 - 28600  win rate, 90.0
28600 - 28700  win rate, 83.0
28700 - 28800  win rate, 50.0
28800 - 28900  win rate, 80.0
28900 - 29000  win rate, 86.0
29000 - 29100  win rate, 68.0
29100 - 29200  win rate, 65.0
29200 - 29300  win rate, 73.0
29300 - 29400  win rate, 75.0
29400 - 29500  win rate, 81.0
29500 - 29600  win rate, 58.0
29600 - 29700  win rate, 66.0
29700 - 29800  win rate, 63.0
29800 - 29900  win rate, 68.0
29900 - 30000  win rate, 68.0
30000 - 30100  win rate, 78.0
30100 - 30200  win rate, 46.0
30200 - 30300  win rate, 60.0
30300 - 30400  win rate, 62.0
30400 - 30500  win rate, 53.0
30500 - 30600  win rate, 63.0
30600 - 30700  win rate, 58.0
30700 - 30800  win rate, 61.0
30800 - 30900  win rate, 63.0
30900 - 31000  win rate, 71.0
31000 - 31100  win rate, 19.0
31100 - 31200  win rate, 34.0
31200 - 31300  win rate, 35.0
31300 - 31400  win rate, 43.0
31400 - 31500  win rate, 60.0
31500 - 31600  win rate, 65.0
31600 - 31700  win rate, 72.0
31700 - 31800  win rate, 93.0
31800 - 31900  win rate, 86.0
31900 - 32000  win rate, 88.0
32000 - 32100  win rate, 72.0
32100 - 32200  win rate, 65.0
32200 - 32300  win rate, 80.0
32300 - 32400  win rate, 51.0
32400 - 32500  win rate, 75.0
32500 - 32600  win rate, 31.0
32600 - 32700  win rate, 29.0
32700 - 32800  win rate, 30.0
32800 - 32900  win rate, 36.0
32900 - 33000  win rate, 19.0
33000 - 33100  win rate, 45.0
33100 - 33200  win rate, 24.0
33200 - 33300  win rate, 34.0
33300 - 33400  win rate, 49.0
33400 - 33500  win rate, 42.0
33500 - 33600  win rate, 24.0
33600 - 33700  win rate, 23.0
33700 - 33800  win rate, 21.0
33800 - 33900  win rate, 19.0
33900 - 34000  win rate, 5.0
34000 - 34100  win rate, 18.0
34100 - 34200  win rate, 73.0
34200 - 34300  win rate, 74.0
34300 - 34400  win rate, 69.0
34400 - 34500  win rate, 81.0
34500 - 34600  win rate, 81.0
34600 - 34700  win rate, 86.0
34700 - 34800  win rate, 86.0
34800 - 34900  win rate, 82.0
34900 - 35000  win rate, 52.0
35000 - 35100  win rate, 77.0
35100 - 35200  win rate, 62.0
35200 - 35300  win rate, 52.0
35300 - 35400  win rate, 42.0
35400 - 35500  win rate, 66.0
35500 - 35600  win rate, 60.0
35600 - 35700  win rate, 65.0
35700 - 35800  win rate, 71.0
35800 - 35900  win rate, 22.0
35900 - 36000  win rate, 25.0
36000 - 36100  win rate, 45.0
36100 - 36200  win rate, 56.0
36200 - 36300  win rate, 64.0
36300 - 36400  win rate, 64.0
36400 - 36500  win rate, 68.0
36500 - 36600  win rate, 61.0
36600 - 36700  win rate, 68.0
36700 - 36800  win rate, 62.0
36800 - 36900  win rate, 69.0
36900 - 37000  win rate, 69.0
37000 - 37100  win rate, 65.0
37100 - 37200  win rate, 55.0
37200 - 37300  win rate, 70.0
37300 - 37400  win rate, 64.0
37400 - 37500  win rate, 75.0
37500 - 37600  win rate, 71.0
37600 - 37700  win rate, 77.0
37700 - 37800  win rate, 69.0
37800 - 37900  win rate, 75.0
37900 - 38000  win rate, 78.0
38000 - 38100  win rate, 68.0
38100 - 38200  win rate, 73.0
38200 - 38300  win rate, 55.0
38300 - 38400  win rate, 61.0
38400 - 38500  win rate, 43.0
38500 - 38600  win rate, 51.0
38600 - 38700  win rate, 56.0
38700 - 38800  win rate, 56.0
38800 - 38900  win rate, 72.0
38900 - 39000  win rate, 76.0
39000 - 39100  win rate, 70.0
39100 - 39200  win rate, 76.0
39200 - 39300  win rate, 63.0
39300 - 39400  win rate, 90.0
39400 - 39500  win rate, 85.0
39500 - 39600  win rate, 73.0
39600 - 39700  win rate, 90.0
39700 - 39800  win rate, 86.0
39800 - 39900  win rate, 88.0
39900 - 40000  win rate, 74.0
40000 - 40100  win rate, 89.0
40100 - 40200  win rate, 90.0
40200 - 40300  win rate, 74.0
40300 - 40400  win rate, 92.0
40400 - 40500  win rate, 94.0
40500 - 40600  win rate, 84.0
40600 - 40700  win rate, 94.0
40700 - 40800  win rate, 85.0
40800 - 40900  win rate, 88.0
40900 - 41000  win rate, 85.0
41000 - 41100  win rate, 88.0
41100 - 41200  win rate, 82.0
41200 - 41300  win rate, 86.0
41300 - 41400  win rate, 92.0
41400 - 41500  win rate, 90.0
41500 - 41600  win rate, 95.0
41600 - 41700  win rate, 89.0
41700 - 41800  win rate, 91.0
41800 - 41900  win rate, 95.0
41900 - 42000  win rate, 73.0
42000 - 42100  win rate, 91.0
42100 - 42200  win rate, 93.0
42200 - 42300  win rate, 88.0
42300 - 42400  win rate, 65.0
42400 - 42500  win rate, 82.0
42500 - 42600  win rate, 96.0
42600 - 42700  win rate, 79.0
42700 - 42800  win rate, 65.0
42800 - 42900  win rate, 89.0
42900 - 43000  win rate, 82.0
43000 - 43100  win rate, 96.0
43100 - 43200  win rate, 92.0
43200 - 43300  win rate, 94.0
43300 - 43400  win rate, 73.0
43400 - 43500  win rate, 81.0
43500 - 43600  win rate, 91.0
43600 - 43700  win rate, 87.0
43700 - 43800  win rate, 80.0
43800 - 43900  win rate, 89.0
43900 - 44000  win rate, 85.0
44000 - 44100  win rate, 89.0
44100 - 44200  win rate, 92.0
44200 - 44300  win rate, 92.0
44300 - 44400  win rate, 94.0
44400 - 44500  win rate, 89.0
44500 - 44600  win rate, 94.0
44600 - 44700  win rate, 92.0
44700 - 44800  win rate, 93.0
44800 - 44900  win rate, 90.0
44900 - 45000  win rate, 96.0
45000 - 45100  win rate, 94.0
45100 - 45200  win rate, 91.0
45200 - 45300  win rate, 94.0
45300 - 45400  win rate, 90.0
45400 - 45500  win rate, 85.0
45500 - 45600  win rate, 83.0
45600 - 45700  win rate, 97.0
45700 - 45800  win rate, 91.0
45800 - 45900  win rate, 90.0
45900 - 46000  win rate, 81.0
46000 - 46100  win rate, 88.0
46100 - 46200  win rate, 80.0
46200 - 46300  win rate, 60.0
46300 - 46400  win rate, 79.0
46400 - 46500  win rate, 77.0
46500 - 46600  win rate, 87.0
46600 - 46700  win rate, 81.0
46700 - 46800  win rate, 87.0
46800 - 46900  win rate, 88.0
46900 - 47000  win rate, 77.0
47000 - 47100  win rate, 76.0
47100 - 47200  win rate, 76.0
47200 - 47300  win rate, 61.0
47300 - 47400  win rate, 60.0
47400 - 47500  win rate, 72.0
47500 - 47600  win rate, 74.0
47600 - 47700  win rate, 74.0
47700 - 47800  win rate, 60.0
47800 - 47900  win rate, 70.0
47900 - 48000  win rate, 73.0
48000 - 48100  win rate, 82.0
48100 - 48200  win rate, 72.0
48200 - 48300  win rate, 68.0
48300 - 48400  win rate, 80.0
48400 - 48500  win rate, 52.0
48500 - 48600  win rate, 60.0
48600 - 48700  win rate, 54.0
48700 - 48800  win rate, 54.0
48800 - 48900  win rate, 60.0
48900 - 49000  win rate, 52.0
49000 - 49100  win rate, 62.0
49100 - 49200  win rate, 61.0
49200 - 49300  win rate, 61.0
49300 - 49400  win rate, 40.0
49400 - 49500  win rate, 63.0
49500 - 49600  win rate, 56.0
49600 - 49700  win rate, 59.0
49700 - 49800  win rate, 47.0
49800 - 49900  win rate, 63.0
49900 - 50000  win rate, 67.0
50000 - 50100  win rate, 61.0
50100 - 50200  win rate, 59.0
50200 - 50300  win rate, 64.0
50300 - 50400  win rate, 45.0
50400 - 50500  win rate, 51.0
50500 - 50600  win rate, 55.0
50600 - 50700  win rate, 57.0
50700 - 50800  win rate, 50.0
50800 - 50900  win rate, 53.0
50900 - 51000  win rate, 49.0
51000 - 51100  win rate, 52.0
51100 - 51200  win rate, 43.0
51200 - 51300  win rate, 44.0
51300 - 51400  win rate, 44.0
51400 - 51500  win rate, 53.0
51500 - 51600  win rate, 47.0
51600 - 51700  win rate, 28.0
51700 - 51800  win rate, 18.0
51800 - 51900  win rate, 37.0
51900 - 52000  win rate, 47.0
52000 - 52100  win rate, 44.0
52100 - 52200  win rate, 41.0
52200 - 52300  win rate, 18.0
52300 - 52400  win rate, 17.0
52400 - 52500  win rate, 28.0
52500 - 52600  win rate, 48.0
52600 - 52700  win rate, 44.0
52700 - 52800  win rate, 57.0
52800 - 52900  win rate, 48.0
52900 - 53000  win rate, 53.0
53000 - 53100  win rate, 54.0
53100 - 53200  win rate, 54.0
53200 - 53300  win rate, 52.0
53300 - 53400  win rate, 66.0
53400 - 53500  win rate, 58.0
53500 - 53600  win rate, 48.0
53600 - 53700  win rate, 64.0
53700 - 53800  win rate, 66.0
53800 - 53900  win rate, 65.0
53900 - 54000  win rate, 57.0
54000 - 54100  win rate, 79.0
54100 - 54200  win rate, 90.0
54200 - 54300  win rate, 62.0
54300 - 54400  win rate, 66.0
54400 - 54500  win rate, 58.0
54500 - 54600  win rate, 37.0
54600 - 54700  win rate, 57.0
54700 - 54800  win rate, 54.0
54800 - 54900  win rate, 44.0
54900 - 55000  win rate, 56.0
55000 - 55100  win rate, 46.0
55100 - 55200  win rate, 59.0
55200 - 55300  win rate, 46.0
55300 - 55400  win rate, 60.0
55400 - 55500  win rate, 68.0
55500 - 55600  win rate, 62.0
55600 - 55700  win rate, 53.0
55700 - 55800  win rate, 51.0
55800 - 55900  win rate, 57.0
55900 - 56000  win rate, 30.0
56000 - 56100  win rate, 17.0
56100 - 56200  win rate, 26.0
56200 - 56300  win rate, 17.0
56300 - 56400  win rate, 29.0
56400 - 56500  win rate, 51.0
56500 - 56600  win rate, 56.0
56600 - 56700  win rate, 61.0
56700 - 56800  win rate, 61.0
56800 - 56900  win rate, 46.0
56900 - 57000  win rate, 50.0
57000 - 57100  win rate, 60.0
57100 - 57200  win rate, 53.0
57200 - 57300  win rate, 45.0
57300 - 57400  win rate, 57.0
57400 - 57500  win rate, 47.0
57500 - 57600  win rate, 52.0
57600 - 57700  win rate, 55.0
57700 - 57800  win rate, 52.0
57800 - 57900  win rate, 35.0
57900 - 58000  win rate, 41.0
58000 - 58100  win rate, 42.0
58100 - 58200  win rate, 38.0
58200 - 58300  win rate, 37.0
58300 - 58400  win rate, 31.0
58400 - 58500  win rate, 36.0
58500 - 58600  win rate, 21.0
58600 - 58700  win rate, 40.0
58700 - 58800  win rate, 79.0
58800 - 58900  win rate, 81.0
58900 - 59000  win rate, 83.0
59000 - 59100  win rate, 64.0
59100 - 59200  win rate, 84.0
59200 - 59300  win rate, 84.0
59300 - 59400  win rate, 83.0
59400 - 59500  win rate, 57.0
59500 - 59600  win rate, 85.0
59600 - 59700  win rate, 93.0
59700 - 59800  win rate, 84.0
59800 - 59900  win rate, 81.0
59900 - 60000  win rate, 78.0
60000 - 60100  win rate, 59.0
60100 - 60200  win rate, 89.0
60200 - 60300  win rate, 79.0
60300 - 60400  win rate, 83.0
60400 - 60500  win rate, 79.0
60500 - 60600  win rate, 83.0
60600 - 60700  win rate, 80.0
60700 - 60800  win rate, 92.0
60800 - 60900  win rate, 89.0
60900 - 61000  win rate, 86.0
61000 - 61100  win rate, 80.0
61100 - 61200  win rate, 89.0
61200 - 61300  win rate, 82.0
61300 - 61400  win rate, 60.0
61400 - 61500  win rate, 85.0
61500 - 61600  win rate, 69.0
61600 - 61700  win rate, 73.0
61700 - 61800  win rate, 57.0
61800 - 61900  win rate, 74.0
61900 - 62000  win rate, 95.0
62000 - 62100  win rate, 97.0
62100 - 62200  win rate, 87.0
62200 - 62300  win rate, 88.0
62300 - 62400  win rate, 88.0
62400 - 62500  win rate, 82.0
62500 - 62600  win rate, 92.0
62600 - 62700  win rate, 81.0
62700 - 62800  win rate, 87.0
62800 - 62900  win rate, 91.0
62900 - 63000  win rate, 82.0
63000 - 63100  win rate, 79.0
63100 - 63200  win rate, 88.0
63200 - 63300  win rate, 77.0
63300 - 63400  win rate, 76.0
63400 - 63500  win rate, 88.0
63500 - 63600  win rate, 75.0
63600 - 63700  win rate, 80.0
63700 - 63800  win rate, 85.0
63800 - 63900  win rate, 81.0
63900 - 64000  win rate, 85.0
64000 - 64100  win rate, 85.0
64100 - 64200  win rate, 83.0
64200 - 64300  win rate, 80.0
64300 - 64400  win rate, 82.0
64400 - 64500  win rate, 68.0
64500 - 64600  win rate, 77.0
64600 - 64700  win rate, 86.0
64700 - 64800  win rate, 89.0
64800 - 64900  win rate, 59.0
64900 - 65000  win rate, 90.0
65000 - 65100  win rate, 52.0
65100 - 65200  win rate, 80.0
65200 - 65300  win rate, 81.0
65300 - 65400  win rate, 85.0
65400 - 65500  win rate, 87.0
65500 - 65600  win rate, 81.0
65600 - 65700  win rate, 92.0
65700 - 65800  win rate, 89.0
65800 - 65900  win rate, 91.0
65900 - 66000  win rate, 77.0
66000 - 66100  win rate, 56.0
66100 - 66200  win rate, 81.0
66200 - 66300  win rate, 87.0
66300 - 66400  win rate, 88.0
66400 - 66500  win rate, 89.0
66500 - 66600  win rate, 86.0
66600 - 66700  win rate, 88.0
66700 - 66800  win rate, 82.0
66800 - 66900  win rate, 92.0
66900 - 67000  win rate, 84.0
67000 - 67100  win rate, 78.0
67100 - 67200  win rate, 83.0
67200 - 67300  win rate, 87.0
67300 - 67400  win rate, 72.0
67400 - 67500  win rate, 91.0
67500 - 67600  win rate, 69.0
67600 - 67700  win rate, 56.0
67700 - 67800  win rate, 92.0
67800 - 67900  win rate, 87.0
67900 - 68000  win rate, 89.0
68000 - 68100  win rate, 86.0
68100 - 68200  win rate, 85.0
68200 - 68300  win rate, 84.0
68300 - 68400  win rate, 82.0
68400 - 68500  win rate, 81.0
68500 - 68600  win rate, 81.0
68600 - 68700  win rate, 85.0
68700 - 68800  win rate, 83.0
68800 - 68900  win rate, 70.0
68900 - 69000  win rate, 86.0
69000 - 69100  win rate, 85.0
69100 - 69200  win rate, 82.0
69200 - 69300  win rate, 79.0
69300 - 69400  win rate, 78.0
69400 - 69500  win rate, 85.0
69500 - 69600  win rate, 80.0
69600 - 69700  win rate, 84.0
69700 - 69800  win rate, 96.0
69800 - 69900  win rate, 89.0
69900 - 70000  win rate, 89.0
70000 - 70100  win rate, 87.0
70100 - 70200  win rate, 94.0
70200 - 70300  win rate, 46.0
70300 - 70400  win rate, 29.0
70400 - 70500  win rate, 75.0
70500 - 70600  win rate, 73.0
70600 - 70700  win rate, 83.0
70700 - 70800  win rate, 78.0
70800 - 70900  win rate, 80.0
70900 - 71000  win rate, 86.0
71000 - 71100  win rate, 77.0
71100 - 71200  win rate, 84.0
71200 - 71300  win rate, 74.0
71300 - 71400  win rate, 89.0
71400 - 71500  win rate, 78.0
71500 - 71600  win rate, 84.0
71600 - 71700  win rate, 62.0
71700 - 71800  win rate, 51.0
71800 - 71900  win rate, 30.0
71900 - 72000  win rate, 22.0
72000 - 72100  win rate, 68.0
72100 - 72200  win rate, 80.0
72200 - 72300  win rate, 87.0
72300 - 72400  win rate, 87.0
72400 - 72500  win rate, 86.0
72500 - 72600  win rate, 77.0
72600 - 72700  win rate, 73.0
72700 - 72800  win rate, 83.0
72800 - 72900  win rate, 79.0
72900 - 73000  win rate, 84.0
73000 - 73100  win rate, 77.0
73100 - 73200  win rate, 81.0
73200 - 73300  win rate, 82.0
73300 - 73400  win rate, 84.0
73400 - 73500  win rate, 37.0
73500 - 73600  win rate, 75.0
73600 - 73700  win rate, 80.0
73700 - 73800  win rate, 64.0
73800 - 73900  win rate, 80.0
73900 - 74000  win rate, 85.0
74000 - 74100  win rate, 72.0
74100 - 74200  win rate, 80.0
74200 - 74300  win rate, 78.0
74300 - 74400  win rate, 74.0
74400 - 74500  win rate, 71.0
74500 - 74600  win rate, 75.0
74600 - 74700  win rate, 80.0
74700 - 74800  win rate, 76.0
74800 - 74900  win rate, 80.0
74900 - 75000  win rate, 77.0
75000 - 75100  win rate, 80.0
75100 - 75200  win rate, 83.0
75200 - 75300  win rate, 84.0
75300 - 75400  win rate, 84.0
75400 - 75500  win rate, 83.0
75500 - 75600  win rate, 75.0
75600 - 75700  win rate, 82.0
75700 - 75800  win rate, 82.0
75800 - 75900  win rate, 79.0
75900 - 76000  win rate, 90.0
76000 - 76100  win rate, 91.0
76100 - 76200  win rate, 90.0
76200 - 76300  win rate, 92.0
76300 - 76400  win rate, 92.0
76400 - 76500  win rate, 74.0
76500 - 76600  win rate, 86.0
76600 - 76700  win rate, 84.0
76700 - 76800  win rate, 78.0
76800 - 76900  win rate, 88.0
76900 - 77000  win rate, 91.0
77000 - 77100  win rate, 90.0
77100 - 77200  win rate, 94.0
77200 - 77300  win rate, 74.0
77300 - 77400  win rate, 84.0
77400 - 77500  win rate, 82.0
77500 - 77600  win rate, 99.0
77600 - 77700  win rate, 77.0
77700 - 77800  win rate, 83.0
77800 - 77900  win rate, 91.0
77900 - 78000  win rate, 85.0
78000 - 78100  win rate, 65.0
78100 - 78200  win rate, 51.0
78200 - 78300  win rate, 45.0
78300 - 78400  win rate, 61.0
78400 - 78500  win rate, 81.0
78500 - 78600  win rate, 83.0
78600 - 78700  win rate, 71.0
78700 - 78800  win rate, 98.0
78800 - 78900  win rate, 81.0
78900 - 79000  win rate, 85.0
79000 - 79100  win rate, 87.0
79100 - 79200  win rate, 50.0
79200 - 79300  win rate, 66.0
79300 - 79400  win rate, 69.0
79400 - 79500  win rate, 73.0
79500 - 79600  win rate, 77.0
79600 - 79700  win rate, 85.0
79700 - 79800  win rate, 86.0
79800 - 79900  win rate, 59.0
79900 - 80000  win rate, 66.0
80000 - 80100  win rate, 54.0
80100 - 80200  win rate, 56.0
80200 - 80300  win rate, 69.0
80300 - 80400  win rate, 66.0
80400 - 80500  win rate, 55.0
80500 - 80600  win rate, 41.0
80600 - 80700  win rate, 42.0
80700 - 80800  win rate, 41.0
80800 - 80900  win rate, 58.0
80900 - 81000  win rate, 74.0
81000 - 81100  win rate, 57.0
81100 - 81200  win rate, 71.0
81200 - 81300  win rate, 89.0
81300 - 81400  win rate, 83.0
81400 - 81500  win rate, 69.0
81500 - 81600  win rate, 72.0
81600 - 81700  win rate, 83.0
81700 - 81800  win rate, 81.0
81800 - 81900  win rate, 54.0
81900 - 82000  win rate, 60.0
82000 - 82100  win rate, 68.0
82100 - 82200  win rate, 76.0
82200 - 82300  win rate, 78.0
82300 - 82400  win rate, 83.0
82400 - 82500  win rate, 78.0
82500 - 82600  win rate, 93.0
82600 - 82700  win rate, 97.0
82700 - 82800  win rate, 93.0
82800 - 82900  win rate, 82.0
82900 - 83000  win rate, 66.0
83000 - 83100  win rate, 70.0
83100 - 83200  win rate, 85.0
83200 - 83300  win rate, 91.0
83300 - 83400  win rate, 77.0
83400 - 83500  win rate, 84.0
83500 - 83600  win rate, 88.0
83600 - 83700  win rate, 89.0
83700 - 83800  win rate, 90.0
83800 - 83900  win rate, 87.0
83900 - 84000  win rate, 73.0
84000 - 84100  win rate, 81.0
84100 - 84200  win rate, 62.0
84200 - 84300  win rate, 86.0
84300 - 84400  win rate, 73.0
84400 - 84500  win rate, 63.0
84500 - 84600  win rate, 69.0
84600 - 84700  win rate, 79.0
84700 - 84800  win rate, 75.0
84800 - 84900  win rate, 80.0
84900 - 85000  win rate, 68.0
85000 - 85100  win rate, 65.0
85100 - 85200  win rate, 24.0
85200 - 85300  win rate, 26.0
85300 - 85400  win rate, 78.0
85400 - 85500  win rate, 52.0
85500 - 85600  win rate, 74.0
85600 - 85700  win rate, 73.0
85700 - 85800  win rate, 70.0
85800 - 85900  win rate, 70.0
85900 - 86000  win rate, 75.0
86000 - 86100  win rate, 69.0
86100 - 86200  win rate, 69.0
86200 - 86300  win rate, 72.0
86300 - 86400  win rate, 70.0
86400 - 86500  win rate, 75.0
86500 - 86600  win rate, 83.0
86600 - 86700  win rate, 88.0
86700 - 86800  win rate, 90.0
86800 - 86900  win rate, 86.0
86900 - 87000  win rate, 87.0
87000 - 87100  win rate, 86.0
87100 - 87200  win rate, 74.0
87200 - 87300  win rate, 93.0
87300 - 87400  win rate, 82.0
87400 - 87500  win rate, 76.0
87500 - 87600  win rate, 89.0
87600 - 87700  win rate, 76.0
87700 - 87800  win rate, 77.0
87800 - 87900  win rate, 77.0
87900 - 88000  win rate, 89.0
88000 - 88100  win rate, 78.0
88100 - 88200  win rate, 81.0
88200 - 88300  win rate, 80.0
88300 - 88400  win rate, 89.0
88400 - 88500  win rate, 70.0
88500 - 88600  win rate, 72.0
88600 - 88700  win rate, 62.0
88700 - 88800  win rate, 66.0
88800 - 88900  win rate, 62.0
88900 - 89000  win rate, 69.0
89000 - 89100  win rate, 84.0
89100 - 89200  win rate, 83.0
89200 - 89300  win rate, 77.0
89300 - 89400  win rate, 82.0
89400 - 89500  win rate, 69.0
89500 - 89600  win rate, 79.0
89600 - 89700  win rate, 68.0
89700 - 89800  win rate, 46.0
89800 - 89900  win rate, 83.0
89900 - 90000  win rate, 69.0
90000 - 90100  win rate, 80.0
90100 - 90200  win rate, 66.0
90200 - 90300  win rate, 68.0
90300 - 90400  win rate, 51.0
90400 - 90500  win rate, 42.0
90500 - 90600  win rate, 14.0
90600 - 90700  win rate, 5.0
90700 - 90800  win rate, 20.0
90800 - 90900  win rate, 8.0
90900 - 91000  win rate, 5.0
91000 - 91100  win rate, 5.0
91100 - 91200  win rate, 5.0
91200 - 91300  win rate, 2.0
91300 - 91400  win rate, 3.0
91400 - 91500  win rate, 3.0
91500 - 91600  win rate, 6.0
91600 - 91700  win rate, 2.0
91700 - 91800  win rate, 2.0
91800 - 91900  win rate, 2.0
91900 - 92000  win rate, 5.0
92000 - 92100  win rate, 6.0
92100 - 92200  win rate, 0.0
92200 - 92300  win rate, 2.0
92300 - 92400  win rate, 2.0
92400 - 92500  win rate, 2.0
92500 - 92600  win rate, 3.0
92600 - 92700  win rate, 6.0
92700 - 92800  win rate, 2.0
92800 - 92900  win rate, 3.0
92900 - 93000  win rate, 6.0
93000 - 93100  win rate, 6.0
93100 - 93200  win rate, 5.0
93200 - 93300  win rate, 2.0
93300 - 93400  win rate, 4.0
93400 - 93500  win rate, 13.0
93500 - 93600  win rate, 9.0
93600 - 93700  win rate, 15.0
93700 - 93800  win rate, 36.0
93800 - 93900  win rate, 30.0
93900 - 94000  win rate, 43.0
94000 - 94100  win rate, 58.0
94100 - 94200  win rate, 54.0
94200 - 94300  win rate, 52.0
94300 - 94400  win rate, 56.0
94400 - 94500  win rate, 33.0
94500 - 94600  win rate, 22.0
94600 - 94700  win rate, 29.0
94700 - 94800  win rate, 36.0
94800 - 94900  win rate, 34.0
94900 - 95000  win rate, 46.0
95000 - 95100  win rate, 44.0
95100 - 95200  win rate, 41.0
95200 - 95300  win rate, 32.0
95300 - 95400  win rate, 28.0
95400 - 95500  win rate, 43.0
95500 - 95600  win rate, 54.0
95600 - 95700  win rate, 48.0
95700 - 95800  win rate, 54.0
95800 - 95900  win rate, 46.0
95900 - 96000  win rate, 44.0
96000 - 96100  win rate, 35.0
96100 - 96200  win rate, 15.0
96200 - 96300  win rate, 22.0
96300 - 96400  win rate, 29.0
96400 - 96500  win rate, 42.0
96500 - 96600  win rate, 40.0
96600 - 96700  win rate, 60.0
96700 - 96800  win rate, 33.0
96800 - 96900  win rate, 30.0
96900 - 97000  win rate, 20.0
97000 - 97100  win rate, 46.0
97100 - 97200  win rate, 24.0
97200 - 97300  win rate, 4.0
97300 - 97400  win rate, 7.0
97400 - 97500  win rate, 48.0
97500 - 97600  win rate, 54.0
97600 - 97700  win rate, 65.0
97700 - 97800  win rate, 15.0
97800 - 97900  win rate, 13.0
97900 - 98000  win rate, 15.0
98000 - 98100  win rate, 43.0
98100 - 98200  win rate, 60.0
98200 - 98300  win rate, 70.0
98300 - 98400  win rate, 64.0
98400 - 98500  win rate, 67.0
98500 - 98600  win rate, 23.0
98600 - 98700  win rate, 38.0
98700 - 98800  win rate, 66.0
98800 - 98900  win rate, 65.0
98900 - 99000  win rate, 51.0
